2023-09-18 00:54:23,946 root: INFO 
Loading Variables...
2023-09-18 00:54:23,946 root: INFO 
Loadind datasets...

2023-09-18 00:54:25,940 datasets.builder: WARNING Found cached dataset imdb_pt (/Users/idocarmo/.cache/huggingface/datasets/maritaca-ai___imdb_pt/plain_text/1.0.0/ffeeea85dfdf69a15638f37cdae931de451276b0fbc70c92f7cad159b96abb05)
2023-09-18 00:54:25,965 datasets.arrow_dataset: WARNING Loading cached split indices for dataset at /Users/idocarmo/.cache/huggingface/datasets/maritaca-ai___imdb_pt/plain_text/1.0.0/ffeeea85dfdf69a15638f37cdae931de451276b0fbc70c92f7cad159b96abb05/cache-b0a5c7dba16e123e.arrow and /Users/idocarmo/.cache/huggingface/datasets/maritaca-ai___imdb_pt/plain_text/1.0.0/ffeeea85dfdf69a15638f37cdae931de451276b0fbc70c92f7cad159b96abb05/cache-a02b26a26fb632e1.arrow
2023-09-18 00:54:26,445 root: INFO 
	Vectorizing training data...

2023-09-18 00:54:28,350 root: INFO 
	Vectorizing validation data...

2023-09-18 00:54:28,532 root: INFO Done.
2023-09-18 00:54:28,532 root: INFO 
Creating embedding model...

2023-09-18 00:54:28,559 root: INFO 
Training model...

2023-09-18 00:54:30,627 root: INFO 
Ploting training metrics...

2023-09-18 00:54:31,078 root: INFO 
Compiling final model...

2023-09-18 00:54:31,097 root: INFO 
Model metrics...

2023-09-18 00:54:33,120 root: INFO   Training Results
        loss: 0.204045 	 
        accuracy: 0.932650 	
        precision: 0.940662 	
        recall: 0.923646 	
        AUC: 0.980461
    
2023-09-18 00:54:33,120 root: INFO   Validation Results
        loss: 0.316005 	 
        accuracy: 0.871200 	
        precision: 0.878788 	
        recall: 0.860465 	
        AUC: 0.939951
    
2023-09-18 00:54:33,120 root: INFO   Test Results
        loss: 0.329300 	 
        accuracy: 0.860400 	
        precision: 0.891059 	
        recall: 0.821200 	
        AUC: 0.937238
    
2023-09-18 00:54:33,120 root: INFO 
Saving the model...

2023-09-18 00:54:33,742 tensorflow: INFO Assets written to: model/trained_model/assets
2023-09-18 00:54:33,783 root: INFO Model saved.
2023-09-18 00:54:33,783 root: INFO All done.
